2021-02-01 05:24:35,288 [1] INFO SchoolAPI.Program - Hello logging world!
2021-02-01 05:37:43,661 [1] INFO SchoolAPI.Program - Hello logging world!
2021-02-01 05:44:58,113 [1] INFO SchoolAPI.Program - Hello logging world!
2021-02-01 05:47:08,624 [1] INFO SchoolAPI.Program - Hello logging world!
2021-02-01 05:52:18,401 [4] INFO SchoolAPI.Program - geting all the students...
2021-02-01 07:43:51,083 [12] INFO SchoolAPI.Program - geting all the students...
2021-02-01 07:44:17,488 [18] INFO SchoolAPI.Program - waiting for add a new student  
2021-02-01 07:44:21,424 [21] INFO SchoolAPI.Program - student with Id=2 added to the database  
2021-02-01 07:44:21,613 [19] INFO SchoolAPI.Program - geting all the students...
2021-02-01 07:44:40,780 [18] INFO SchoolAPI.Program - geting all the students...
2021-02-01 07:45:05,572 [18] INFO SchoolAPI.Program - waiting for add a new teacher  
2021-02-01 07:45:05,580 [18] INFO SchoolAPI.Program - teacher with Id=4 added to the database  
2021-02-01 07:45:25,010 [22] INFO SchoolAPI.Program - geting all the Assigned courses...
2021-02-01 07:45:25,099 [21] INFO SchoolAPI.Program - geting all the courses...
2021-02-01 07:45:25,139 [20] INFO SchoolAPI.Program - geting all the courses...
2021-02-01 07:45:57,524 [25] INFO SchoolAPI.Program - getting the Assigned Course with the Id = 1 founded
2021-02-01 07:45:57,643 [26] INFO SchoolAPI.Program - Assigned Course with the Id = 1 founded
2021-02-01 07:46:01,729 [25] INFO SchoolAPI.Program - Waiting for edit the Assigned Course with Id = 1 in the database.. 
2021-02-01 07:49:46,724 [4] INFO SchoolAPI.Program - Waiting for edit the Assigned Course with Id = 1 in the database.. 
2021-02-01 07:49:48,161 [4] INFO SchoolAPI.Program - Waiting for edit the Assigned Course with Id = 1 in the database.. 
2021-02-01 07:49:49,889 [7] INFO SchoolAPI.Program - geting all the Assigned courses...
2021-02-01 07:49:49,906 [7] INFO SchoolAPI.Program - geting all the courses...
2021-02-01 07:49:49,919 [7] INFO SchoolAPI.Program - geting all the courses...
2021-02-01 07:50:08,249 [29] INFO SchoolAPI.Program - getting the Assigned Course with the Id = 1 founded
2021-02-01 07:50:08,258 [7] INFO SchoolAPI.Program - Assigned Course with the Id = 1 founded
2021-02-01 07:50:10,750 [7] INFO SchoolAPI.Program - geting all the Assigned courses...
2021-02-01 07:50:10,763 [28] INFO SchoolAPI.Program - geting all the courses...
2021-02-01 07:50:10,779 [7] INFO SchoolAPI.Program - geting all the courses...
2021-02-01 07:50:16,553 [7] INFO SchoolAPI.Program - getting the Assigned Course with the Id = 1 founded
2021-02-01 07:50:16,558 [33] INFO SchoolAPI.Program - Assigned Course with the Id = 1 founded
2021-02-01 07:50:22,123 [4] INFO SchoolAPI.Program - Waiting for edit the Assigned Course with Id = 1 in the database.. 
2021-02-01 07:50:31,537 [7] INFO SchoolAPI.Program - Waiting for edit the Assigned Course with Id = 0 in the database.. 
2021-02-01 07:50:31,888 [4] ERROR SchoolAPI.Program - Assigned Course with the Id = 0 not found in the database
2021-02-01 07:50:36,416 [32] INFO SchoolAPI.Program - Waiting for edit the Assigned Course with Id = 1 in the database.. 
2021-02-01 07:50:37,977 [4] INFO SchoolAPI.Program - Waiting for edit the Assigned Course with Id = 1 in the database.. 
2021-02-01 07:50:39,225 [7] INFO SchoolAPI.Program - geting all the Assigned courses...
2021-02-01 07:50:39,255 [32] INFO SchoolAPI.Program - geting all the courses...
2021-02-01 07:50:39,274 [7] INFO SchoolAPI.Program - geting all the courses...
2021-02-01 07:50:45,515 [4] INFO SchoolAPI.Program - geting all the courses...
2021-02-01 07:50:53,931 [4] INFO SchoolAPI.Program - geting all the courses...
2021-02-01 07:50:53,955 [36] INFO SchoolAPI.Program - waiting for add a new assigned course  
2021-02-01 07:50:53,982 [36] INFO SchoolAPI.Program - assigned course with Id=3 added to the database  
2021-02-01 07:50:53,989 [7] INFO SchoolAPI.Program - geting all the Assigned courses...
2021-02-01 07:50:54,002 [4] INFO SchoolAPI.Program - geting all the courses...
2021-02-01 07:50:54,012 [28] INFO SchoolAPI.Program - geting all the courses...
2021-02-01 07:50:54,037 [7] INFO SchoolAPI.Program - geting all the courses...
2021-02-01 07:51:12,919 [35] INFO SchoolAPI.Program - geting all the students...
2021-02-01 07:51:15,110 [35] INFO SchoolAPI.Program - getting the Student with the Id = 2 founded
2021-02-01 07:51:15,127 [31] INFO SchoolAPI.Program - Student with the Id = 2 founded
2021-02-01 07:51:19,414 [7] INFO SchoolAPI.Program - Waiting for edit the student with Id = 2 in the database.. 
2021-02-01 07:51:19,433 [7] INFO SchoolAPI.Program -  student with Id = 2 Edited 
2021-02-01 07:51:19,452 [28] INFO SchoolAPI.Program - geting all the students...
2021-02-01 07:51:35,768 [7] INFO SchoolAPI.Program - geting all the courses...
2021-02-01 07:51:38,747 [7] INFO SchoolAPI.Program - getting the Course with the Id = 1 founded
2021-02-01 07:51:38,750 [35] INFO SchoolAPI.Program - Course with the Id = 1 founded
2021-02-01 07:51:46,542 [7] INFO SchoolAPI.Program - Waiting for edit the Course with Id = 1 in the database.. 
2021-02-01 07:51:46,600 [28] INFO SchoolAPI.Program -  Course with Id = 1 Edited 
2021-02-01 07:51:46,614 [28] INFO SchoolAPI.Program - geting all the courses...
2021-02-01 07:51:55,549 [35] INFO SchoolAPI.Program - geting all the Assigned courses...
2021-02-01 07:51:55,561 [31] INFO SchoolAPI.Program - geting all the courses...
2021-02-01 07:51:55,581 [28] INFO SchoolAPI.Program - geting all the courses...
2021-02-01 07:51:55,592 [7] INFO SchoolAPI.Program - geting all the courses...
2021-02-01 07:52:00,156 [35] INFO SchoolAPI.Program - getting the Assigned Course with the Id = 3 founded
2021-02-01 07:52:00,159 [35] INFO SchoolAPI.Program - Assigned Course with the Id = 3 founded
2021-02-01 07:52:05,580 [7] INFO SchoolAPI.Program - geting all the Assigned courses...
2021-02-01 07:52:05,592 [7] INFO SchoolAPI.Program - geting all the courses...
2021-02-01 07:52:05,602 [28] INFO SchoolAPI.Program - geting all the courses...
2021-02-01 07:52:05,612 [35] INFO SchoolAPI.Program - geting all the courses...
2021-02-01 07:52:20,806 [7] INFO SchoolAPI.Program - geting all the students...
2021-02-01 07:53:31,158 [38] INFO SchoolAPI.Program - waiting for add a new student  
2021-02-01 07:53:31,187 [40] INFO SchoolAPI.Program - student with Id=3 added to the database  
2021-02-01 07:53:31,195 [38] INFO SchoolAPI.Program - geting all the students...
2021-02-01 08:04:43,257 [8] INFO SchoolAPI.Program - geting all the students...
2021-02-01 08:04:50,504 [7] INFO SchoolAPI.Program - geting all the Assigned courses...
2021-02-01 08:04:50,779 [8] INFO SchoolAPI.Program - geting all the courses...
2021-02-01 08:04:50,800 [7] INFO SchoolAPI.Program - geting all the courses...
2021-02-01 08:04:50,810 [7] INFO SchoolAPI.Program - geting all the courses...
2021-02-01 08:04:52,912 [8] INFO SchoolAPI.Program - getting the Assigned Course with the Id = 3 founded
2021-02-01 08:04:53,016 [7] INFO SchoolAPI.Program - Assigned Course with the Id = 3 founded
2021-02-01 08:04:53,024 [4] INFO SchoolAPI.Program - geting all the courses...
2021-02-01 08:05:02,507 [7] INFO SchoolAPI.Program - geting all the courses...
2021-02-01 08:05:02,653 [4] INFO SchoolAPI.Program - Waiting for edit the Assigned Course with Id = 3 in the database.. 
2021-02-01 08:05:02,759 [8] INFO SchoolAPI.Program -  Assigned Course with Id = 3 Edited 
2021-02-01 08:05:02,768 [8] INFO SchoolAPI.Program - geting all the Assigned courses...
2021-02-01 08:05:02,779 [4] INFO SchoolAPI.Program - geting all the courses...
2021-02-01 08:05:02,789 [4] INFO SchoolAPI.Program - geting all the courses...
2021-02-01 08:05:02,798 [4] INFO SchoolAPI.Program - geting all the courses...
2021-02-01 08:05:09,069 [4] INFO SchoolAPI.Program - getting the Assigned Course with the Id = 3 founded
2021-02-01 08:05:09,075 [8] INFO SchoolAPI.Program - Assigned Course with the Id = 3 founded
2021-02-01 08:05:09,083 [4] INFO SchoolAPI.Program - geting all the courses...
2021-02-01 08:05:18,449 [4] INFO SchoolAPI.Program - geting all the courses...
2021-02-01 08:05:18,460 [4] INFO SchoolAPI.Program - Waiting for edit the Assigned Course with Id = 3 in the database.. 
2021-02-01 08:05:18,529 [13] INFO SchoolAPI.Program -  Assigned Course with Id = 3 Edited 
2021-02-01 08:05:18,537 [13] INFO SchoolAPI.Program - geting all the Assigned courses...
2021-02-01 08:05:18,551 [4] INFO SchoolAPI.Program - geting all the courses...
2021-02-01 08:05:18,566 [8] INFO SchoolAPI.Program - geting all the courses...
2021-02-01 08:05:18,576 [8] INFO SchoolAPI.Program - geting all the courses...
2021-02-01 08:40:07,605 [4] INFO SchoolAPI.Program - geting all the students...
2021-02-01 08:40:44,440 [19] INFO SchoolAPI.Program - waiting for add a new student  
2021-02-01 08:40:44,606 [18] INFO SchoolAPI.Program - student with Id=4 added to the database  
2021-02-01 08:40:44,668 [19] INFO SchoolAPI.Program - geting all the students...
2021-02-01 08:49:10,559 [26] INFO SchoolAPI.Program - getting the Student with the Id = 4 founded
2021-02-01 08:49:11,078 [27] INFO SchoolAPI.Program - Student with the Id = 4 founded
2021-02-01 08:49:14,109 [25] INFO SchoolAPI.Program - deleting the student with Id=4...
2021-02-01 08:49:14,186 [29] INFO SchoolAPI.Program -  student with Id=4 deleted
2021-02-01 08:49:14,202 [29] INFO SchoolAPI.Program - geting all the students...
2021-02-01 08:49:36,314 [30] INFO SchoolAPI.Program - geting all the students...
2021-02-01 08:49:36,389 [31] INFO SchoolAPI.Program - waiting for add a new student  
2021-02-01 08:49:36,400 [30] INFO SchoolAPI.Program - student with Id=5 added to the database  
2021-02-01 08:49:36,408 [32] INFO SchoolAPI.Program - geting all the students...
2021-02-01 08:56:08,477 [35] INFO SchoolAPI.Program - getting the Student with the Id = 5 founded
2021-02-01 08:56:08,486 [35] INFO SchoolAPI.Program - Student with the Id = 5 founded
2021-02-01 08:56:10,696 [35] INFO SchoolAPI.Program - deleting the student with Id=5...
2021-02-01 08:56:10,909 [36] INFO SchoolAPI.Program -  student with Id=5 deleted
2021-02-01 08:56:10,929 [37] INFO SchoolAPI.Program - geting all the students...
2021-02-01 08:56:23,699 [35] INFO SchoolAPI.Program - geting all the students...
2021-02-01 08:56:23,786 [35] INFO SchoolAPI.Program - geting all the students...
2021-02-01 08:57:22,742 [39] INFO SchoolAPI.Program - geting all the students...
2021-02-01 08:57:22,932 [40] INFO SchoolAPI.Program - waiting for add a new student  
2021-02-01 08:57:22,937 [43] INFO SchoolAPI.Program - student with Id=6 added to the database  
2021-02-01 08:57:22,952 [39] INFO SchoolAPI.Program - geting all the students...
2021-02-01 08:57:34,376 [39] INFO SchoolAPI.Program - getting the Student with the Id = 6 founded
2021-02-01 08:57:34,380 [39] INFO SchoolAPI.Program - Student with the Id = 6 founded
2021-02-01 08:57:36,368 [40] INFO SchoolAPI.Program - deleting the student with Id=6...
2021-02-01 08:57:36,382 [40] INFO SchoolAPI.Program -  student with Id=6 deleted
2021-02-01 08:57:36,394 [40] INFO SchoolAPI.Program - geting all the students...
2021-02-01 08:57:46,234 [39] INFO SchoolAPI.Program - geting all the students...
2021-02-01 08:57:46,247 [41] INFO SchoolAPI.Program - waiting for add a new student  
2021-02-01 08:57:46,272 [41] INFO SchoolAPI.Program - student with Id=7 added to the database  
2021-02-01 08:57:46,280 [41] INFO SchoolAPI.Program - geting all the students...
2021-02-01 08:58:34,861 [45] INFO SchoolAPI.Program - getting the Student with the Id = 7 founded
2021-02-01 08:58:34,866 [47] INFO SchoolAPI.Program - Student with the Id = 7 founded
2021-02-01 08:58:37,002 [45] INFO SchoolAPI.Program - deleting the student with Id=7...
2021-02-01 08:58:37,012 [48] INFO SchoolAPI.Program -  student with Id=7 deleted
2021-02-01 08:58:37,029 [47] INFO SchoolAPI.Program - geting all the students...
2021-02-01 08:58:46,703 [46] INFO SchoolAPI.Program - geting all the students...
2021-02-01 08:59:09,848 [45] INFO SchoolAPI.Program - geting all the students...
2021-02-01 08:59:09,922 [49] INFO SchoolAPI.Program - waiting for add a new student  
2021-02-01 08:59:09,932 [49] INFO SchoolAPI.Program - student with Id=8 added to the database  
2021-02-01 08:59:09,946 [45] INFO SchoolAPI.Program - geting all the students...
2021-02-01 09:18:28,320 [14] INFO SchoolAPI.Program - geting all the students...
2021-02-01 09:18:51,616 [14] INFO SchoolAPI.Program - getting the Student with the Id = 8 founded
2021-02-01 09:18:51,994 [16] INFO SchoolAPI.Program - Student with the Id = 8 founded
2021-02-01 09:18:55,382 [15] INFO SchoolAPI.Program - getting the Student with the Id = 8 founded
2021-02-01 09:18:55,396 [17] INFO SchoolAPI.Program - Student with the Id = 8 founded
2021-02-01 09:19:01,842 [20] INFO SchoolAPI.Program - Waiting for edit the student with Id = 8 in the database.. 
2021-02-01 09:19:02,047 [20] INFO SchoolAPI.Program -  student with Id = 8 Edited 
2021-02-01 09:19:02,061 [20] INFO SchoolAPI.Program - geting all the students...
2021-02-01 09:20:27,417 [23] INFO SchoolAPI.Program - geting all the students...
2021-02-01 09:20:38,463 [25] INFO SchoolAPI.Program - geting all the students...
2021-02-01 09:20:41,378 [24] INFO SchoolAPI.Program - geting all the students...
2021-02-01 09:20:45,404 [26] INFO SchoolAPI.Program - getting the Student with the Id = 8 founded
2021-02-01 09:20:45,464 [26] INFO SchoolAPI.Program - Student with the Id = 8 founded
2021-02-02 05:34:33,075 [4] INFO SchoolAPI.Program - geting all the students...
2021-02-02 05:35:09,820 [17] INFO SchoolAPI.Program - geting all the students...
2021-02-02 05:35:13,025 [17] INFO SchoolAPI.Program - geting all the courses...
2021-02-02 05:35:18,927 [17] INFO SchoolAPI.Program - geting all the Assigned courses...
2021-02-02 05:35:19,054 [20] INFO SchoolAPI.Program - geting all the courses...
2021-02-02 05:35:19,090 [17] INFO SchoolAPI.Program - geting all the courses...
2021-02-02 05:35:19,115 [20] INFO SchoolAPI.Program - geting all the courses...
2021-02-02 05:40:36,689 [25] INFO SchoolAPI.Program - geting all the students...
2021-02-02 05:41:38,139 [30] INFO SchoolAPI.Program - geting all the students...
2021-02-02 05:41:42,805 [30] INFO SchoolAPI.Program - geting all the courses...
2021-02-02 05:41:45,735 [30] INFO SchoolAPI.Program - geting all the Assigned courses...
2021-02-02 05:41:45,816 [30] INFO SchoolAPI.Program - geting all the courses...
2021-02-02 05:41:45,833 [32] INFO SchoolAPI.Program - geting all the courses...
2021-02-02 05:41:45,847 [30] INFO SchoolAPI.Program - geting all the courses...
2021-02-02 05:42:06,176 [35] INFO SchoolAPI.Program - geting all the students...
2021-02-02 05:57:12,610 [39] INFO SchoolAPI.Program - geting all the students...
2021-02-02 05:59:46,489 [44] INFO SchoolAPI.Program - geting all the students...
2021-02-02 06:01:00,010 [48] INFO SchoolAPI.Program - geting all the students...
2021-02-02 06:02:48,928 [54] INFO SchoolAPI.Program - geting all the students...
2021-02-02 06:07:08,114 [59] INFO SchoolAPI.Program - geting all the students...
2021-02-02 06:07:13,136 [59] INFO SchoolAPI.Program - geting all the students...
2021-02-02 06:07:23,251 [59] INFO SchoolAPI.Program - geting all the students...
2021-02-02 06:09:39,913 [64] INFO SchoolAPI.Program - geting all the students...
2021-02-02 06:11:43,638 [68] INFO SchoolAPI.Program - geting all the students...
2021-02-02 06:12:40,894 [72] INFO SchoolAPI.Program - geting all the students...
2021-02-02 06:13:16,380 [72] INFO SchoolAPI.Program - geting all the students...
2021-02-02 06:13:34,552 [72] INFO SchoolAPI.Program - geting all the students...
2021-02-02 06:18:42,883 [79] INFO SchoolAPI.Program - geting all the students...
2021-02-02 06:19:19,004 [82] INFO SchoolAPI.Program - geting all the students...
2021-02-02 06:19:31,905 [82] INFO SchoolAPI.Program - geting all the students...
2021-02-02 06:19:45,207 [81] INFO SchoolAPI.Program - geting all the students...
2021-02-02 06:27:06,450 [34] INFO SchoolAPI.Program - geting all the students...
2021-02-02 06:29:18,193 [32] INFO SchoolAPI.Program - geting all the students...
2021-02-02 06:31:40,395 [28] INFO SchoolAPI.Program - geting all the students...
2021-02-02 06:32:33,360 [24] INFO SchoolAPI.Program - geting all the students...
2021-02-02 06:33:15,687 [21] INFO SchoolAPI.Program - geting all the students...
2021-02-02 06:33:53,263 [5] INFO SchoolAPI.Program - geting all the students...
2021-02-02 06:34:02,390 [5] INFO SchoolAPI.Program - geting all the students...
2021-02-02 08:04:42,385 [4] INFO SchoolAPI.Program - geting all the students...
2021-02-02 08:21:14,280 [20] INFO SchoolAPI.Program - geting all the students...
2021-02-02 08:24:10,713 [27] INFO SchoolAPI.Program - geting all the students...
2021-02-02 08:25:16,017 [31] INFO SchoolAPI.Program - geting all the students...
2021-02-02 08:25:51,822 [28] INFO SchoolAPI.Program - geting all the students...
2021-02-02 08:26:14,329 [35] INFO SchoolAPI.Program - geting all the students...
2021-02-02 08:29:31,936 [37] INFO SchoolAPI.Program - geting all the students...
2021-02-02 08:30:56,815 [42] INFO SchoolAPI.Program - geting all the students...
2021-02-02 08:31:09,195 [42] INFO SchoolAPI.Program - geting all the students...
2021-02-02 08:31:24,792 [42] INFO SchoolAPI.Program - geting all the students...
2021-02-02 08:31:43,778 [42] INFO SchoolAPI.Program - geting all the students...
2021-02-02 08:47:06,258 [50] INFO SchoolAPI.Program - geting all the students...
2021-02-02 08:47:11,232 [50] INFO SchoolAPI.Program - geting all the students...
2021-02-02 08:47:14,047 [50] INFO SchoolAPI.Program - geting all the students...
2021-02-02 08:47:19,899 [51] INFO SchoolAPI.Program - geting all the students...
2021-02-02 08:49:56,967 [58] INFO SchoolAPI.Program - geting all the students...
2021-02-02 08:50:02,431 [36] INFO SchoolAPI.Program - geting all the students...
2021-02-02 08:50:11,204 [59] INFO SchoolAPI.Program - geting all the students...
2021-02-02 08:52:08,490 [56] INFO SchoolAPI.Program - geting all the students...
2021-02-02 08:52:12,754 [56] INFO SchoolAPI.Program - geting all the students...
2021-02-02 08:52:30,189 [63] INFO SchoolAPI.Program - geting all the students...
2021-02-02 08:54:54,188 [65] INFO SchoolAPI.Program - geting all the students...
2021-02-02 08:55:02,014 [65] INFO SchoolAPI.Program - geting all the students...
2021-02-02 08:56:47,643 [70] INFO SchoolAPI.Program - geting all the students...
2021-02-02 08:57:29,579 [73] INFO SchoolAPI.Program - geting all the students...
2021-02-02 11:48:33,226 [73] INFO SchoolAPI.Program - geting all the students...
2021-02-02 11:48:41,484 [71] INFO SchoolAPI.Program - geting all the students...
2021-02-02 11:48:46,415 [73] INFO SchoolAPI.Program - geting all the students...
2021-02-02 11:48:52,181 [73] INFO SchoolAPI.Program - geting all the students...
2021-02-02 11:48:54,628 [73] INFO SchoolAPI.Program - geting all the students...
2021-02-02 11:52:49,116 [65] INFO SchoolAPI.Program - geting all the students...
2021-02-02 11:52:57,263 [65] INFO SchoolAPI.Program - geting all the students...
2021-02-02 11:52:59,478 [61] INFO SchoolAPI.Program - geting all the students...
2021-02-02 11:53:03,046 [65] INFO SchoolAPI.Program - geting all the students...
2021-02-02 11:53:56,901 [56] INFO SchoolAPI.Program - geting all the students...
2021-02-02 11:56:31,975 [54] INFO SchoolAPI.Program - geting all the students...
2021-02-02 11:56:47,361 [54] INFO SchoolAPI.Program - getting the Student with the Id = 1 founded
2021-02-02 11:56:47,754 [53] INFO SchoolAPI.Program - Student with the Id = 1 founded
2021-02-02 11:56:52,781 [54] INFO SchoolAPI.Program - getting the Student with the Id = 1 founded
2021-02-02 11:56:52,797 [55] INFO SchoolAPI.Program - Student with the Id = 1 founded
2021-02-02 11:56:55,209 [54] INFO SchoolAPI.Program - getting the Student with the Id = 1 founded
2021-02-02 11:56:55,214 [54] INFO SchoolAPI.Program - Student with the Id = 1 founded
2021-02-02 11:57:03,941 [57] INFO SchoolAPI.Program - Waiting for edit the student with Id = 1 in the database.. 
2021-02-02 11:57:04,333 [53] INFO SchoolAPI.Program -  student with Id = 1 Edited 
2021-02-02 11:57:04,341 [53] INFO SchoolAPI.Program - geting all the students...
2021-02-02 11:57:16,479 [54] INFO SchoolAPI.Program - geting all the students...
2021-02-02 11:57:18,037 [54] INFO SchoolAPI.Program - geting all the students...
2021-02-02 12:07:00,949 [50] INFO SchoolAPI.Program - geting all the students...
2021-02-02 12:07:05,019 [50] INFO SchoolAPI.Program - geting all the students...
2021-02-02 12:07:07,180 [50] INFO SchoolAPI.Program - geting all the students...
2021-02-02 12:07:22,437 [50] INFO SchoolAPI.Program - geting all the students...
2021-02-02 12:07:25,665 [50] INFO SchoolAPI.Program - getting the Student with the Id = 1 founded
2021-02-02 12:07:25,668 [48] INFO SchoolAPI.Program - Student with the Id = 1 founded
2021-02-02 12:07:28,773 [50] INFO SchoolAPI.Program - getting the Student with the Id = 1 founded
2021-02-02 12:07:28,777 [50] INFO SchoolAPI.Program - Student with the Id = 1 founded
2021-02-02 12:07:31,799 [48] INFO SchoolAPI.Program - getting the Student with the Id = 1 founded
2021-02-02 12:07:31,802 [50] INFO SchoolAPI.Program - Student with the Id = 1 founded
2021-02-02 12:07:34,399 [50] INFO SchoolAPI.Program - geting all the students...
2021-02-02 12:07:37,321 [50] INFO SchoolAPI.Program - getting the Student with the Id = 1 founded
2021-02-02 12:07:37,326 [49] INFO SchoolAPI.Program - Student with the Id = 1 founded
2021-02-02 12:07:40,247 [50] INFO SchoolAPI.Program - getting the Student with the Id = 1 founded
2021-02-02 12:07:40,267 [49] INFO SchoolAPI.Program - Student with the Id = 1 founded
2021-02-02 12:07:43,596 [50] INFO SchoolAPI.Program - geting all the students...
2021-02-02 12:07:46,287 [50] INFO SchoolAPI.Program - getting the Student with the Id = 1 founded
2021-02-02 12:07:46,299 [48] INFO SchoolAPI.Program - Student with the Id = 1 founded
2021-02-02 12:07:50,153 [50] INFO SchoolAPI.Program - getting the Student with the Id = 1 founded
2021-02-02 12:07:50,156 [50] INFO SchoolAPI.Program - Student with the Id = 1 founded
2021-02-02 12:07:51,642 [49] INFO SchoolAPI.Program - geting all the students...
2021-02-02 12:07:58,082 [50] INFO SchoolAPI.Program - geting all the students...
2021-02-02 12:08:22,597 [50] INFO SchoolAPI.Program - getting the Student with the Id = 1 founded
2021-02-02 12:08:22,606 [50] INFO SchoolAPI.Program - Student with the Id = 1 founded
2021-02-02 12:08:25,628 [41] INFO SchoolAPI.Program - getting the Student with the Id = 1 founded
2021-02-02 12:08:25,631 [50] INFO SchoolAPI.Program - Student with the Id = 1 founded
2021-02-02 12:08:33,394 [37] INFO SchoolAPI.Program - geting all the students...
2021-02-02 12:08:35,969 [37] INFO SchoolAPI.Program - getting the Student with the Id = 1 founded
2021-02-02 12:08:35,984 [50] INFO SchoolAPI.Program - Student with the Id = 1 founded
2021-02-02 12:09:46,257 [6] INFO SchoolAPI.Program - getting the Student with the Id = 1 founded
2021-02-02 12:09:46,269 [38] INFO SchoolAPI.Program - Student with the Id = 1 founded
2021-02-02 12:09:48,140 [6] INFO SchoolAPI.Program - getting the Student with the Id = 1 founded
2021-02-02 12:09:48,148 [39] INFO SchoolAPI.Program - Student with the Id = 1 founded
2021-02-02 12:09:49,619 [40] INFO SchoolAPI.Program - getting the Student with the Id = 1 founded
2021-02-02 12:09:49,623 [39] INFO SchoolAPI.Program - Student with the Id = 1 founded
2021-02-02 12:11:18,947 [42] INFO SchoolAPI.Program - geting all the students...
2021-02-02 12:11:25,006 [42] INFO SchoolAPI.Program - getting the Student with the Id = 1 founded
2021-02-02 12:11:25,010 [42] INFO SchoolAPI.Program - Student with the Id = 1 founded
2021-02-02 12:11:28,775 [34] INFO SchoolAPI.Program - getting the Student with the Id = 1 founded
2021-02-02 12:11:28,778 [34] INFO SchoolAPI.Program - Student with the Id = 1 founded
2021-02-02 12:11:30,071 [32] INFO SchoolAPI.Program - getting the Student with the Id = 1 founded
2021-02-02 12:11:30,075 [33] INFO SchoolAPI.Program - Student with the Id = 1 founded
2021-02-02 12:11:31,648 [42] INFO SchoolAPI.Program - geting all the students...
2021-02-02 12:11:35,635 [42] INFO SchoolAPI.Program - getting the Student with the Id = 1 founded
2021-02-02 12:11:35,637 [33] INFO SchoolAPI.Program - Student with the Id = 1 founded
2021-02-02 12:11:40,732 [42] INFO SchoolAPI.Program - getting the Student with the Id = 1 founded
2021-02-02 12:11:40,735 [28] INFO SchoolAPI.Program - Student with the Id = 1 founded
2021-02-02 12:11:44,469 [42] INFO SchoolAPI.Program - getting the Student with the Id = 1 founded
2021-02-02 12:11:44,472 [32] INFO SchoolAPI.Program - Student with the Id = 1 founded
2021-02-02 12:12:14,847 [30] INFO SchoolAPI.Program - geting all the students...
2021-02-02 12:13:11,967 [27] INFO SchoolAPI.Program - geting all the students...
2021-02-02 12:13:40,478 [23] INFO SchoolAPI.Program - geting all the students...
2021-02-02 12:14:18,205 [52] INFO SchoolAPI.Program - geting all the students...
2021-02-02 12:14:30,030 [52] INFO SchoolAPI.Program - getting the Student with the Id = 1 founded
2021-02-02 12:14:30,033 [52] INFO SchoolAPI.Program - Student with the Id = 1 founded
2021-02-02 12:14:40,755 [52] INFO SchoolAPI.Program - geting all the students...
2021-02-02 12:14:42,851 [18] INFO SchoolAPI.Program - getting the Student with the Id = 1 founded
2021-02-02 12:14:42,855 [52] INFO SchoolAPI.Program - Student with the Id = 1 founded
2021-02-02 12:14:46,165 [52] INFO SchoolAPI.Program - geting all the students...
2021-02-02 12:14:49,044 [18] INFO SchoolAPI.Program - getting the Student with the Id = 8 founded
2021-02-02 12:14:49,046 [19] INFO SchoolAPI.Program - Student with the Id = 8 founded
2021-02-02 12:14:51,734 [52] INFO SchoolAPI.Program - getting the Student with the Id = 8 founded
2021-02-02 12:14:51,738 [19] INFO SchoolAPI.Program - Student with the Id = 8 founded
2021-02-02 12:14:53,582 [18] INFO SchoolAPI.Program - geting all the students...
2021-02-02 12:14:55,433 [52] INFO SchoolAPI.Program - getting the Student with the Id = 1 founded
2021-02-02 12:14:55,436 [18] INFO SchoolAPI.Program - Student with the Id = 1 founded
2021-02-02 12:14:58,247 [52] INFO SchoolAPI.Program - getting the Student with the Id = 1 founded
2021-02-02 12:14:58,251 [52] INFO SchoolAPI.Program - Student with the Id = 1 founded
2021-02-02 12:15:00,677 [52] INFO SchoolAPI.Program - geting all the students...
2021-02-02 12:15:02,358 [25] INFO SchoolAPI.Program - getting the Student with the Id = 1 founded
2021-02-02 12:15:02,366 [25] INFO SchoolAPI.Program - Student with the Id = 1 founded
2021-02-02 12:15:04,383 [52] INFO SchoolAPI.Program - geting all the students...
2021-02-02 12:15:06,141 [52] INFO SchoolAPI.Program - getting the Student with the Id = 1 founded
2021-02-02 12:15:06,144 [17] INFO SchoolAPI.Program - Student with the Id = 1 founded
2021-02-02 12:15:08,326 [52] INFO SchoolAPI.Program - geting all the students...
2021-02-02 12:15:10,043 [52] INFO SchoolAPI.Program - getting the Student with the Id = 2 founded
2021-02-02 12:15:10,048 [52] INFO SchoolAPI.Program - Student with the Id = 2 founded
2021-02-02 12:15:14,183 [17] INFO SchoolAPI.Program - getting the Student with the Id = 2 founded
2021-02-02 12:15:14,189 [18] INFO SchoolAPI.Program - Student with the Id = 2 founded
2021-02-02 12:16:35,768 [8] INFO SchoolAPI.Program - geting all the students...
2021-02-02 12:16:37,940 [8] INFO SchoolAPI.Program - getting the Student with the Id = 2 founded
2021-02-02 12:16:37,943 [8] INFO SchoolAPI.Program - Student with the Id = 2 founded
2021-02-02 12:52:17,095 [77] INFO SchoolAPI.Program - geting all the courses...
2021-02-02 12:53:25,103 [80] INFO SchoolAPI.Program - geting all the students...
2021-02-02 12:53:33,271 [80] INFO SchoolAPI.Program - geting all the courses...
2021-02-02 12:53:37,686 [80] INFO SchoolAPI.Program - geting all the Assigned courses...
2021-02-02 12:53:37,760 [82] INFO SchoolAPI.Program - geting all the courses...
2021-02-02 12:53:37,773 [80] INFO SchoolAPI.Program - geting all the courses...
2021-02-02 12:53:37,833 [81] INFO SchoolAPI.Program - geting all the courses...
2021-02-02 12:53:44,531 [80] INFO SchoolAPI.Program - getting the Teacher with the Id = 2 founded
2021-02-02 12:53:44,564 [80] INFO SchoolAPI.Program - Teacher with the Id = 2 founded
2021-02-02 12:53:48,431 [83] INFO SchoolAPI.Program - getting the Teacher with the Id = 2 founded
2021-02-02 12:53:48,434 [85] INFO SchoolAPI.Program - Teacher with the Id = 2 founded
2021-02-02 12:54:04,589 [80] INFO SchoolAPI.Program - getting the Teacher with the Id = 1 founded
2021-02-02 12:54:04,593 [80] INFO SchoolAPI.Program - Teacher with the Id = 1 founded
2021-02-02 12:54:17,262 [80] INFO SchoolAPI.Program - getting the Teacher with the Id = 1 founded
2021-02-02 12:54:17,265 [81] INFO SchoolAPI.Program - Teacher with the Id = 1 founded
2021-02-02 12:54:54,264 [83] INFO SchoolAPI.Program - getting the Teacher with the Id = 1 founded
2021-02-02 12:54:54,275 [86] INFO SchoolAPI.Program - Teacher with the Id = 1 founded
2021-02-02 12:55:42,349 [83] INFO SchoolAPI.Program - getting the Teacher with the Id = 1 founded
2021-02-02 12:55:42,356 [83] INFO SchoolAPI.Program - Teacher with the Id = 1 founded
2021-02-02 14:40:23,564 [9] INFO SchoolAPI.Program - geting all the students...
2021-02-02 14:40:23,564 [7] INFO SchoolAPI.Program - geting all the students...
2021-02-02 14:40:54,720 [9] INFO SchoolAPI.Program - geting all the students...
2021-02-02 14:40:58,995 [9] INFO SchoolAPI.Program - geting all the students...
2021-02-02 14:41:18,955 [9] INFO SchoolAPI.Program - geting all the students...
2021-02-02 14:41:28,694 [9] INFO SchoolAPI.Program - geting all the courses...
2021-02-02 14:41:39,768 [10] INFO SchoolAPI.Program - geting all the students...
